ARM GAS  C:\Users\nicol\AppData\Local\Temp\ccZKJyYb.s 			page 1


   1              		.cpu cortex-m4
   2              		.eabi_attribute 27, 1
   3              		.eabi_attribute 28, 1
   4              		.eabi_attribute 20, 1
   5              		.eabi_attribute 21, 1
   6              		.eabi_attribute 23, 3
   7              		.eabi_attribute 24, 1
   8              		.eabi_attribute 25, 1
   9              		.eabi_attribute 26, 1
  10              		.eabi_attribute 30, 1
  11              		.eabi_attribute 34, 1
  12              		.eabi_attribute 18, 4
  13              		.file	"stm32f4xx_hal_msp.c"
  14              		.text
  15              	.Ltext0:
  16              		.cfi_sections	.debug_frame
  17              		.section	.text.HAL_MspInit,"ax",%progbits
  18              		.align	1
  19              		.global	HAL_MspInit
  20              		.arch armv7e-m
  21              		.syntax unified
  22              		.thumb
  23              		.thumb_func
  24              		.fpu fpv4-sp-d16
  26              	HAL_MspInit:
  27              	.LFB130:
  28              		.file 1 "Src/stm32f4xx_hal_msp.c"
   1:Src/stm32f4xx_hal_msp.c **** /* USER CODE BEGIN Header */
   2:Src/stm32f4xx_hal_msp.c **** /**
   3:Src/stm32f4xx_hal_msp.c ****   ******************************************************************************
   4:Src/stm32f4xx_hal_msp.c ****   * @file         stm32f4xx_hal_msp.c
   5:Src/stm32f4xx_hal_msp.c ****   * @brief        This file provides code for the MSP Initialization
   6:Src/stm32f4xx_hal_msp.c ****   *               and de-Initialization codes.
   7:Src/stm32f4xx_hal_msp.c ****   ******************************************************************************
   8:Src/stm32f4xx_hal_msp.c ****   * @attention
   9:Src/stm32f4xx_hal_msp.c ****   *
  10:Src/stm32f4xx_hal_msp.c ****   * Copyright (c) 2023 STMicroelectronics.
  11:Src/stm32f4xx_hal_msp.c ****   * All rights reserved.
  12:Src/stm32f4xx_hal_msp.c ****   *
  13:Src/stm32f4xx_hal_msp.c ****   * This software is licensed under terms that can be found in the LICENSE file
  14:Src/stm32f4xx_hal_msp.c ****   * in the root directory of this software component.
  15:Src/stm32f4xx_hal_msp.c ****   * If no LICENSE file comes with this software, it is provided AS-IS.
  16:Src/stm32f4xx_hal_msp.c ****   *
  17:Src/stm32f4xx_hal_msp.c ****   ******************************************************************************
  18:Src/stm32f4xx_hal_msp.c ****   */
  19:Src/stm32f4xx_hal_msp.c **** /* USER CODE END Header */
  20:Src/stm32f4xx_hal_msp.c **** 
  21:Src/stm32f4xx_hal_msp.c **** /* Includes ------------------------------------------------------------------*/
  22:Src/stm32f4xx_hal_msp.c **** #include "main.h"
  23:Src/stm32f4xx_hal_msp.c **** /* USER CODE BEGIN Includes */
  24:Src/stm32f4xx_hal_msp.c **** 
  25:Src/stm32f4xx_hal_msp.c **** /* USER CODE END Includes */
  26:Src/stm32f4xx_hal_msp.c **** 
  27:Src/stm32f4xx_hal_msp.c **** /* Private typedef -----------------------------------------------------------*/
  28:Src/stm32f4xx_hal_msp.c **** /* USER CODE BEGIN TD */
  29:Src/stm32f4xx_hal_msp.c **** 
  30:Src/stm32f4xx_hal_msp.c **** /* USER CODE END TD */
ARM GAS  C:\Users\nicol\AppData\Local\Temp\ccZKJyYb.s 			page 2


  31:Src/stm32f4xx_hal_msp.c **** 
  32:Src/stm32f4xx_hal_msp.c **** /* Private define ------------------------------------------------------------*/
  33:Src/stm32f4xx_hal_msp.c **** /* USER CODE BEGIN Define */
  34:Src/stm32f4xx_hal_msp.c **** 
  35:Src/stm32f4xx_hal_msp.c **** /* USER CODE END Define */
  36:Src/stm32f4xx_hal_msp.c **** 
  37:Src/stm32f4xx_hal_msp.c **** /* Private macro -------------------------------------------------------------*/
  38:Src/stm32f4xx_hal_msp.c **** /* USER CODE BEGIN Macro */
  39:Src/stm32f4xx_hal_msp.c **** 
  40:Src/stm32f4xx_hal_msp.c **** /* USER CODE END Macro */
  41:Src/stm32f4xx_hal_msp.c **** 
  42:Src/stm32f4xx_hal_msp.c **** /* Private variables ---------------------------------------------------------*/
  43:Src/stm32f4xx_hal_msp.c **** /* USER CODE BEGIN PV */
  44:Src/stm32f4xx_hal_msp.c **** 
  45:Src/stm32f4xx_hal_msp.c **** /* USER CODE END PV */
  46:Src/stm32f4xx_hal_msp.c **** 
  47:Src/stm32f4xx_hal_msp.c **** /* Private function prototypes -----------------------------------------------*/
  48:Src/stm32f4xx_hal_msp.c **** /* USER CODE BEGIN PFP */
  49:Src/stm32f4xx_hal_msp.c **** 
  50:Src/stm32f4xx_hal_msp.c **** /* USER CODE END PFP */
  51:Src/stm32f4xx_hal_msp.c **** 
  52:Src/stm32f4xx_hal_msp.c **** /* External functions --------------------------------------------------------*/
  53:Src/stm32f4xx_hal_msp.c **** /* USER CODE BEGIN ExternalFunctions */
  54:Src/stm32f4xx_hal_msp.c **** 
  55:Src/stm32f4xx_hal_msp.c **** /* USER CODE END ExternalFunctions */
  56:Src/stm32f4xx_hal_msp.c **** 
  57:Src/stm32f4xx_hal_msp.c **** /* USER CODE BEGIN 0 */
  58:Src/stm32f4xx_hal_msp.c **** 
  59:Src/stm32f4xx_hal_msp.c **** /* USER CODE END 0 */
  60:Src/stm32f4xx_hal_msp.c **** /**
  61:Src/stm32f4xx_hal_msp.c ****   * Initializes the Global MSP.
  62:Src/stm32f4xx_hal_msp.c ****   */
  63:Src/stm32f4xx_hal_msp.c **** void HAL_MspInit(void)
  64:Src/stm32f4xx_hal_msp.c **** {
  29              		.loc 1 64 1 view -0
  30              		.cfi_startproc
  31              		@ args = 0, pretend = 0, frame = 8
  32              		@ frame_needed = 0, uses_anonymous_args = 0
  33 0000 00B5     		push	{lr}
  34              	.LCFI0:
  35              		.cfi_def_cfa_offset 4
  36              		.cfi_offset 14, -4
  37 0002 83B0     		sub	sp, sp, #12
  38              	.LCFI1:
  39              		.cfi_def_cfa_offset 16
  65:Src/stm32f4xx_hal_msp.c ****   /* USER CODE BEGIN MspInit 0 */
  66:Src/stm32f4xx_hal_msp.c **** 
  67:Src/stm32f4xx_hal_msp.c ****   /* USER CODE END MspInit 0 */
  68:Src/stm32f4xx_hal_msp.c **** 
  69:Src/stm32f4xx_hal_msp.c ****   __HAL_RCC_SYSCFG_CLK_ENABLE();
  40              		.loc 1 69 3 view .LVU1
  41              	.LBB2:
  42              		.loc 1 69 3 view .LVU2
  43 0004 0021     		movs	r1, #0
  44 0006 0091     		str	r1, [sp]
  45              		.loc 1 69 3 view .LVU3
  46 0008 0C4B     		ldr	r3, .L3
ARM GAS  C:\Users\nicol\AppData\Local\Temp\ccZKJyYb.s 			page 3


  47 000a 5A6C     		ldr	r2, [r3, #68]
  48 000c 42F48042 		orr	r2, r2, #16384
  49 0010 5A64     		str	r2, [r3, #68]
  50              		.loc 1 69 3 view .LVU4
  51 0012 5A6C     		ldr	r2, [r3, #68]
  52 0014 02F48042 		and	r2, r2, #16384
  53 0018 0092     		str	r2, [sp]
  54              		.loc 1 69 3 view .LVU5
  55 001a 009A     		ldr	r2, [sp]
  56              	.LBE2:
  57              		.loc 1 69 3 view .LVU6
  70:Src/stm32f4xx_hal_msp.c ****   __HAL_RCC_PWR_CLK_ENABLE();
  58              		.loc 1 70 3 view .LVU7
  59              	.LBB3:
  60              		.loc 1 70 3 view .LVU8
  61 001c 0191     		str	r1, [sp, #4]
  62              		.loc 1 70 3 view .LVU9
  63 001e 1A6C     		ldr	r2, [r3, #64]
  64 0020 42F08052 		orr	r2, r2, #268435456
  65 0024 1A64     		str	r2, [r3, #64]
  66              		.loc 1 70 3 view .LVU10
  67 0026 1B6C     		ldr	r3, [r3, #64]
  68 0028 03F08053 		and	r3, r3, #268435456
  69 002c 0193     		str	r3, [sp, #4]
  70              		.loc 1 70 3 view .LVU11
  71 002e 019B     		ldr	r3, [sp, #4]
  72              	.LBE3:
  73              		.loc 1 70 3 view .LVU12
  71:Src/stm32f4xx_hal_msp.c **** 
  72:Src/stm32f4xx_hal_msp.c ****   HAL_NVIC_SetPriorityGrouping(NVIC_PRIORITYGROUP_0);
  74              		.loc 1 72 3 view .LVU13
  75 0030 0720     		movs	r0, #7
  76 0032 FFF7FEFF 		bl	HAL_NVIC_SetPriorityGrouping
  77              	.LVL0:
  73:Src/stm32f4xx_hal_msp.c **** 
  74:Src/stm32f4xx_hal_msp.c ****   /* System interrupt init*/
  75:Src/stm32f4xx_hal_msp.c **** 
  76:Src/stm32f4xx_hal_msp.c ****   /* USER CODE BEGIN MspInit 1 */
  77:Src/stm32f4xx_hal_msp.c **** 
  78:Src/stm32f4xx_hal_msp.c ****   /* USER CODE END MspInit 1 */
  79:Src/stm32f4xx_hal_msp.c **** }
  78              		.loc 1 79 1 is_stmt 0 view .LVU14
  79 0036 03B0     		add	sp, sp, #12
  80              	.LCFI2:
  81              		.cfi_def_cfa_offset 4
  82              		@ sp needed
  83 0038 5DF804FB 		ldr	pc, [sp], #4
  84              	.L4:
  85              		.align	2
  86              	.L3:
  87 003c 00380240 		.word	1073887232
  88              		.cfi_endproc
  89              	.LFE130:
  91              		.text
  92              	.Letext0:
  93              		.file 2 "c:\\program files (x86)\\gnu arm embedded toolchain\\10 2021.07\\arm-none-eabi\\include\\
  94              		.file 3 "c:\\program files (x86)\\gnu arm embedded toolchain\\10 2021.07\\arm-none-eabi\\include\\
ARM GAS  C:\Users\nicol\AppData\Local\Temp\ccZKJyYb.s 			page 4


  95              		.file 4 "Drivers/CMSIS/Device/ST/STM32F4xx/Include/stm32f410rx.h"
  96              		.file 5 "Drivers/STM32F4xx_HAL_Driver/Inc/stm32f4xx_hal_cortex.h"
ARM GAS  C:\Users\nicol\AppData\Local\Temp\ccZKJyYb.s 			page 5


DEFINED SYMBOLS
                            *ABS*:00000000 stm32f4xx_hal_msp.c
C:\Users\nicol\AppData\Local\Temp\ccZKJyYb.s:18     .text.HAL_MspInit:00000000 $t
C:\Users\nicol\AppData\Local\Temp\ccZKJyYb.s:26     .text.HAL_MspInit:00000000 HAL_MspInit
C:\Users\nicol\AppData\Local\Temp\ccZKJyYb.s:87     .text.HAL_MspInit:0000003c $d

UNDEFINED SYMBOLS
HAL_NVIC_SetPriorityGrouping
